<?xml version="1.0" encoding="UTF-8"?>
<!-- Generated by org.testng.reporters.JUnitXMLReporter -->
<testsuite hostname="ws-lv-cp2258" ignored="0" name="Default test" tests="3" failures="0" timestamp="17 лют. 2017 15:54:36 GMT" time="93.286" errors="0">
  <testcase name="checkValidEmailOnSentEmailPage" time="28.455" classname="eleks.com.pages_test.SentEmailPage_test"/>
  <testcase name="navigateToMailBoxPage_test" time="19.248" classname="eleks.com.pages_test.SentEmailPage_test"/>
  <testcase name="openSentEmail_test" time="25.884" classname="eleks.com.pages_test.SentEmailPage_test"/>
</testsuite> <!-- Default test -->
