<?xml version="1.0" encoding="UTF-8"?>
<!-- Generated by org.testng.reporters.JUnitXMLReporter -->
<testsuite hostname="ws-lv-cp2258" ignored="0" name="SentEmailsPage" tests="3" failures="0" timestamp="08 лют. 2017 08:33:24 GMT" time="148.036" errors="0">
  <testcase name="checkValidEmailOnSentEmailPage" time="33.115" classname="eleks.com.pages_test.SentEmailPage_test"/>
  <testcase name="navigateToMailBoxPage_test" time="23.013" classname="eleks.com.pages_test.SentEmailPage_test"/>
  <testcase name="openSentEmail_test" time="44.876" classname="eleks.com.pages_test.SentEmailPage_test"/>
</testsuite> <!-- SentEmailsPage -->
